# vsim -c -novopt -suppress 12110 work.tb "+TEST_NAME=ral_test" -l run.log -do "/*; add wave -r /*; run -all; exit;" -wlf waveform.wlf 
# Start time: 10:42:38 on Jul 24,2025
# ** Warning: (vsim-8891) All optimizations are turned off because the -novopt switch is in effect. This will cause your simulation to run very slowly. If you are using this switch to preserve visibility for Debug or PLI features please see the User's Manual section on Preserving Object Visibility with vopt.
# //  Questa Sim
# //  Version 10.6c linux Jul 25 2017
# //
# //  Copyright 1991-2017 Mentor Graphics Corporation
# //  All Rights Reserved.
# //
# //  QuestaSim and its associated documentation contain trade
# //  secrets and commercial or financial information that are the property of
# //  Mentor Graphics Corporation and are privileged, confidential,
# //  and exempt from disclosure under the Freedom of Information Act,
# //  5 U.S.C. Section 552. Furthermore, this information
# //  is prohibited from disclosure under the Trade Secrets Act,
# //  18 U.S.C. Section 1905.
# //
# Refreshing /fetools/work_area/frontend/shreyasacharya/repo/RAL/RAL_APB/work.tb
# Refreshing /fetools/work_area/frontend/shreyasacharya/repo/RAL/RAL_APB/work.ral_top_sv_unit
# Loading sv_std.std
# Loading mtiUvm.uvm_pkg
# Loading work.ral_top_sv_unit
# Loading work.tb
# Refreshing /fetools/work_area/frontend/shreyasacharya/repo/RAL/RAL_APB/work.top
# Loading work.top
# Refreshing /fetools/work_area/frontend/shreyasacharya/repo/RAL/RAL_APB/work.ral_interface
# Loading work.ral_interface
# Loading mtiUvm.questa_uvm_pkg
# ** Error: (vsim-3043) Unresolved reference to 'tr' in $root.tr.pwrite.
#    Time: 0 ns  Iteration: 0  Region: /ral_top_sv_unit::ral_driver File: ral_driver.sv Line: 97
# ** Error: (vsim-3043) Unresolved reference to 'tr' in $root.tr.paddr.
#    Time: 0 ns  Iteration: 0  Region: /ral_top_sv_unit::ral_driver File: ral_driver.sv Line: 101
# ** Error: (vsim-3043) Unresolved reference to 'tr' in $root.tr.pwdata.
#    Time: 0 ns  Iteration: 0  Region: /ral_top_sv_unit::ral_driver File: ral_driver.sv Line: 103
# ** Error (suppressible): (vsim-8209) ral_driver.sv(107): Virtual interface elem. 'pwdata' not found in modport 'mp_drv'.
#    Time: 0 ns  Iteration: 0  Region: /ral_top_sv_unit::ral_driver File: ral_top.sv
# ** Error: (vsim-3043) Unresolved reference to 'tr' in $root.tr.prdata.
#    Time: 0 ns  Iteration: 0  Region: /ral_top_sv_unit::ral_driver File: ral_driver.sv Line: 124
# Loading /tools/mentor/questasim_10.6c/questasim/uvm-1.1d/linux/uvm_dpi.so
# Error loading design
# End time: 10:42:40 on Jul 24,2025, Elapsed time: 0:00:02
# Errors: 5, Warnings: 1
