# vsim -c -novopt -suppress 12110 work.tb "+TEST_NAME=fr2_test" -l run.log -do "/*; add wave -r /*; run -all; exit;" -wlf waveform.wlf 
# Start time: 01:27:45 on Aug 01,2025
# ** Warning: (vsim-8891) All optimizations are turned off because the -novopt switch is in effect. This will cause your simulation to run very slowly. If you are using this switch to preserve visibility for Debug or PLI features please see the User's Manual section on Preserving Object Visibility with vopt.
# //  Questa Sim
# //  Version 10.6c linux Jul 25 2017
# //
# //  Copyright 1991-2017 Mentor Graphics Corporation
# //  All Rights Reserved.
# //
# //  QuestaSim and its associated documentation contain trade
# //  secrets and commercial or financial information that are the property of
# //  Mentor Graphics Corporation and are privileged, confidential,
# //  and exempt from disclosure under the Freedom of Information Act,
# //  5 U.S.C. Section 552. Furthermore, this information
# //  is prohibited from disclosure under the Trade Secrets Act,
# //  18 U.S.C. Section 1905.
# //
# Refreshing /fetools/work_area/frontend/shreyasacharya/repo/RAL/RAL_APB/sim/work.tb
# Refreshing /fetools/work_area/frontend/shreyasacharya/repo/RAL/RAL_APB/sim/work.ral_top_sv_unit
# Loading sv_std.std
# Loading mtiUvm.uvm_pkg
# Loading work.ral_top_sv_unit
# Loading work.tb
# Refreshing /fetools/work_area/frontend/shreyasacharya/repo/RAL/RAL_APB/sim/work.top
# Loading work.top
# Refreshing /fetools/work_area/frontend/shreyasacharya/repo/RAL/RAL_APB/sim/work.ral_interface
# Loading work.ral_interface
# Loading mtiUvm.questa_uvm_pkg
# Loading /tools/mentor/questasim_10.6c/questasim/uvm-1.1d/linux/uvm_dpi.so
# /*
# invalid command name "/*"
#  add wave -r /*
#  run -all
# ----------------------------------------------------------------
# UVM-1.1d
# (C) 2007-2013 Mentor Graphics Corporation
# (C) 2007-2013 Cadence Design Systems, Inc.
# (C) 2006-2013 Synopsys, Inc.
# (C) 2011-2013 Cypress Semiconductor Corp.
# ----------------------------------------------------------------
# 
#   ***********       IMPORTANT RELEASE NOTES         ************
# 
#   You are using a version of the UVM library that has been compiled
#   with `UVM_NO_DEPRECATED undefined.
#   See http://www.eda.org/svdb/view.php?id=3313 for more details.
# 
#   You are using a version of the UVM library that has been compiled
#   with `UVM_OBJECT_MUST_HAVE_CONSTRUCTOR undefined.
#   See http://www.eda.org/svdb/view.php?id=3770 for more details.
# 
#       (Specify +UVM_NO_RELNOTES to turn off this notice)
# 
# UVM_INFO verilog_src/questa_uvm_pkg-1.2/src/questa_uvm_pkg.sv(215) @ 0: reporter [Questa UVM] QUESTA_UVM-1.2.3
# UVM_INFO verilog_src/questa_uvm_pkg-1.2/src/questa_uvm_pkg.sv(217) @ 0: reporter [Questa UVM]  questa_uvm::init(+struct)
# UVM_INFO @ 0: reporter [RNTST] Running test fr2_test...
# UVM_INFO ../src/testbench/sequences/frontdoor/fr2_seq.sv(17) @ 0: uvm_test_top.env.agent.seqr@@seq [SEQ] Initial Value -> Desired Value: 0, Mirrored Value: 0
# UVM_INFO ../src/testbench/sequences/frontdoor/fr2_seq.sv(25) @ 0: uvm_test_top.env.agent.seqr@@seq [SEQ] After Set -> Desired Value: 22, Mirrored Value: 0
# -------------monitor begin----------
# UVM_INFO ../src/testbench/ral_scb.sv(34) @ 10: uvm_test_top.env.sb [SCOREBOARD] READ MATCH: Addr = 0, Data = 0
# -------------monitor begin----------
# UVM_INFO ../src/testbench/ral_scb.sv(29) @ 30: uvm_test_top.env.sb [SCOREBOARD] WRITE: Addr = 8, Data = 22
# UVM_INFO ../src/testbench/ral_driver.sv(47) @ 50: uvm_test_top.env.agent.drv [DRV] Wdata : 22, Addr : 8
# -------------monitor begin----------
# UVM_INFO ../src/testbench/ral_scb.sv(29) @ 50: uvm_test_top.env.sb [SCOREBOARD] WRITE: Addr = 8, Data = 22
# UVM_INFO ../src/testbench/ral_driver.sv(30) @ 70: uvm_test_top.env.agent.drv [DRV] Transaction completed: ------------------------------------------------------------------------------
# Name                           Type          Size  Value                      
# ------------------------------------------------------------------------------
# item                           ral_seq_item  -     @711                       
#   begin_time                   time          64    0                          
#   depth                        int           32    'd2                        
#   parent sequence (name)       string        18    default_parent_seq         
#   parent sequence (full name)  string        18    default_parent_seq         
#   sequencer                    string        27    uvm_test_top.env.agent.seqr
# ------------------------------------------------------------------------------
# 
# -------------monitor begin----------
# UVM_INFO ../src/testbench/sequences/frontdoor/fr2_seq.sv(31) @ 70: uvm_test_top.env.agent.seqr@@seq [SEQ] After Update -> Desired Value: 22, Mirrored Value: 22
# UVM_INFO ../src/testbench/ral_scb.sv(29) @ 70: uvm_test_top.env.sb [SCOREBOARD] WRITE: Addr = 8, Data = 22
# -------------monitor begin----------
# UVM_INFO ../src/testbench/ral_scb.sv(29) @ 90: uvm_test_top.env.sb [SCOREBOARD] WRITE: Addr = 8, Data = 22
# -------------monitor begin----------
# UVM_INFO ../src/testbench/ral_scb.sv(29) @ 110: uvm_test_top.env.sb [SCOREBOARD] WRITE: Addr = 8, Data = 22
# UVM_INFO ../src/testbench/ral_driver.sv(47) @ 130: uvm_test_top.env.agent.drv [DRV] Wdata : 22, Addr : 8
# -------------monitor begin----------
# UVM_INFO ../src/testbench/ral_scb.sv(29) @ 130: uvm_test_top.env.sb [SCOREBOARD] WRITE: Addr = 8, Data = 22
# UVM_INFO ../src/testbench/ral_driver.sv(30) @ 150: uvm_test_top.env.agent.drv [DRV] Transaction completed: ------------------------------------------------------------------------------
# Name                           Type          Size  Value                      
# ------------------------------------------------------------------------------
# item                           ral_seq_item  -     @748                       
#   begin_time                   time          64    70                         
#   depth                        int           32    'd2                        
#   parent sequence (name)       string        18    default_parent_seq         
#   parent sequence (full name)  string        18    default_parent_seq         
#   sequencer                    string        27    uvm_test_top.env.agent.seqr
# ------------------------------------------------------------------------------
# 
# -------------monitor begin----------
# UVM_INFO ../src/testbench/sequences/frontdoor/fr2_seq.sv(36) @ 150: uvm_test_top.env.agent.seqr@@seq [SEQ] After Write to REG2 -> Desired Value: 22, Mirrored Value: 22
# UVM_INFO ../src/testbench/ral_scb.sv(29) @ 150: uvm_test_top.env.sb [SCOREBOARD] WRITE: Addr = 8, Data = 22
# -------------monitor begin----------
# UVM_INFO ../src/testbench/ral_scb.sv(29) @ 170: uvm_test_top.env.sb [SCOREBOARD] WRITE: Addr = 8, Data = 22
# -------------monitor begin----------
# UVM_ERROR ../src/testbench/ral_scb.sv(32) @ 190: uvm_test_top.env.sb [SCOREBOARD] Mismatch at Addr = 8, Expected = 22, Received = 0
# UVM_INFO ../src/testbench/ral_driver.sv(60) @ 210: uvm_test_top.env.agent.drv [DRV] Rdata : 0, Addr : 8
# -------------monitor begin----------
# UVM_ERROR ../src/testbench/ral_scb.sv(32) @ 210: uvm_test_top.env.sb [SCOREBOARD] Mismatch at Addr = 8, Expected = 22, Received = 0
# UVM_INFO ../src/testbench/ral_driver.sv(30) @ 230: uvm_test_top.env.agent.drv [DRV] Transaction completed: ------------------------------------------------------------------------------
# Name                           Type          Size  Value                      
# ------------------------------------------------------------------------------
# item                           ral_seq_item  -     @760                       
#   begin_time                   time          64    150                        
#   depth                        int           32    'd2                        
#   parent sequence (name)       string        18    default_parent_seq         
#   parent sequence (full name)  string        18    default_parent_seq         
#   sequencer                    string        27    uvm_test_top.env.agent.seqr
# ------------------------------------------------------------------------------
# 
# -------------monitor begin----------
# UVM_INFO ../src/testbench/sequences/frontdoor/fr2_seq.sv(41) @ 230: uvm_test_top.env.agent.seqr@@seq [SEQ] After Read -> Desired Value: 22, Mirrored Value: 22
# UVM_INFO ../src/testbench/ral_scb.sv(34) @ 230: uvm_test_top.env.sb [SCOREBOARD] READ MATCH: Addr = 8, Data = 22
# UVM_INFO verilog_src/uvm-1.1d/src/base/uvm_objection.svh(1268) @ 250: reporter [TEST_DONE] 'run' phase is ready to proceed to the 'extract' phase
# 
# --- UVM Report Summary ---
# 
# ** Report counts by severity
# UVM_INFO :   25
# UVM_WARNING :    0
# UVM_ERROR :    2
# UVM_FATAL :    0
# ** Report counts by id
# [DRV]     6
# [Questa UVM]     2
# [RNTST]     1
# [SCOREBOARD]    12
# [SEQ]     5
# [TEST_DONE]     1
# ** Note: $finish    : /tools/mentor/questasim_10.6c/questasim/linux/../verilog_src/uvm-1.1d/src/base/uvm_root.svh(430)
#    Time: 250 ns  Iteration: 53  Instance: /tb
# End time: 01:27:48 on Aug 01,2025, Elapsed time: 0:00:03
# Errors: 0, Warnings: 1
